0 info it worked if it ends with ok
1 verbose cli [ 'node', '/usr/local/bin/npm', 'install', '-g', 'bb10' ]
2 info using npm@2.5.1
3 info using node@v0.12.0
4 silly cache add args [ 'bb10', null ]
5 verbose cache add spec bb10
6 silly cache add parsed spec { raw: 'bb10',
6 silly cache add   scope: null,
6 silly cache add   name: 'bb10',
6 silly cache add   rawSpec: '',
6 silly cache add   spec: '*',
6 silly cache add   type: 'range' }
7 verbose addNamed bb10@*
8 silly addNamed semver.valid null
9 silly addNamed semver.validRange *
10 silly addNameRange { name: 'bb10', range: '*', hasData: false }
11 silly mapToRegistry name bb10
12 silly mapToRegistry using default registry
13 silly mapToRegistry registry https://registry.npmjs.org/
14 silly mapToRegistry uri https://registry.npmjs.org/bb10
15 verbose addNameRange registry:https://registry.npmjs.org/bb10 not in flight; fetching
16 verbose request uri https://registry.npmjs.org/bb10
17 verbose request no auth needed
18 info attempt registry request try #1 at 9:37:01 AM
19 verbose request id 0d84e6b53df1239d
20 http request GET https://registry.npmjs.org/bb10
21 http 200 https://registry.npmjs.org/bb10
22 silly get cb [ 200,
22 silly get   { date: 'Fri, 20 Mar 2015 13:37:01 GMT',
22 silly get     server: 'CouchDB/1.5.0 (Erlang OTP/R16B03)',
22 silly get     etag: '"D1KLRGCNHSY6Z1IIMP72W5DH3"',
22 silly get     'content-type': 'application/json',
22 silly get     'cache-control': 'max-age=60',
22 silly get     'content-length': '2848',
22 silly get     'accept-ranges': 'bytes',
22 silly get     via: '1.1 varnish',
22 silly get     age: '0',
22 silly get     'x-served-by': 'cache-jfk1023-JFK',
22 silly get     'x-cache': 'MISS',
22 silly get     'x-cache-hits': '0',
22 silly get     'x-timer': 'S1426858621.312057,VS0,VE90',
22 silly get     vary: 'Accept',
22 silly get     'keep-alive': 'timeout=10, max=50',
22 silly get     connection: 'Keep-Alive' } ]
23 verbose get saving bb10 to /Users/Evan/.npm/registry.npmjs.org/bb10/.cache.json
24 silly addNameRange number 2 { name: 'bb10', range: '*', hasData: true }
25 silly addNameRange versions [ 'bb10', [ '0.0.2' ] ]
26 verbose addNamed bb10@0.0.2
27 silly addNamed semver.valid 0.0.2
28 silly addNamed semver.validRange 0.0.2
29 silly mapToRegistry name bb10
30 silly mapToRegistry using default registry
31 silly mapToRegistry registry https://registry.npmjs.org/
32 silly mapToRegistry uri https://registry.npmjs.org/bb10
33 verbose addRemoteTarball https://registry.npmjs.org/bb10/-/bb10-0.0.2.tgz not in flight; adding
34 verbose addRemoteTarball [ 'https://registry.npmjs.org/bb10/-/bb10-0.0.2.tgz',
34 verbose addRemoteTarball   'b7b89a3ca6d9b6e278d077992328c022267dafcb' ]
35 info retry fetch attempt 1 at 9:37:01 AM
36 info attempt registry request try #1 at 9:37:01 AM
37 http fetch GET https://registry.npmjs.org/bb10/-/bb10-0.0.2.tgz
38 http fetch 200 https://registry.npmjs.org/bb10/-/bb10-0.0.2.tgz
39 silly fetchAndShaCheck shasum b7b89a3ca6d9b6e278d077992328c022267dafcb
40 verbose addTmpTarball /var/folders/gm/4gffz5dx15g97l5l1t5w4tw00000gn/T/npm-37647-96012a79/registry.npmjs.org/bb10/-/bb10-0.0.2.tgz not in flight; adding
41 verbose addTmpTarball already have metadata; skipping unpack for bb10@0.0.2
42 silly cache afterAdd bb10@0.0.2
43 verbose afterAdd /Users/Evan/.npm/bb10/0.0.2/package/package.json not in flight; writing
44 verbose afterAdd /Users/Evan/.npm/bb10/0.0.2/package/package.json written
45 silly install resolved [ { name: 'bb10',
45 silly install resolved     description: 'Lightweight BB10 UI Library',
45 silly install resolved     author: { name: 'Damon Oehlman', email: 'damon.oehlman@sidelab.com' },
45 silly install resolved     tags: [ 'blackberry', 'ui', 'bb10' ],
45 silly install resolved     version: '0.0.2',
45 silly install resolved     dependencies: { classtweak: '0.1.x', crel: '1.0.x', formatter: '0.1.x' },
45 silly install resolved     devDependencies: { 'insert-css': '*', stylify: '*' },
45 silly install resolved     repository: { type: 'git', url: 'git://github.com/DamonOehlman/bb10.git' },
45 silly install resolved     bugs: { url: 'http://github.com/DamonOehlman/bb10/issues' },
45 silly install resolved     scripts: { test: 'mocha --reporter spec' },
45 silly install resolved     contributors: [],
45 silly install resolved     readme: '# BB10\n\nThis is a lightweight UI library for the Blackberry 10 platform.  Look and feel is pretty much in line with the [bbUI.js](https://github.com/blackberry/bbUI.js) library, but doesn\'t cater for backward compatibility with Blackberry devices.\n\nAt this stage, the UI elements that have been implemented are fairly minimal, as these have been implemented on an \'as-needs\' basis for [sidelab](https://github.com/sidelab) projects.\n\n## UI Elements\n\n### Action Bar\n\n```js\nvar ActionBar = require(\'bb10/actionbar\');\n\n// create a new actionbar\nvar bar = new ActionBar();\n\n// add actions\nbar.addAction({ caption: \'Test\', overflow: true });\n\n// add to the dom\ndocument.body.appendChild(bar.el);\n```\n',
45 silly install resolved     readmeFilename: 'README.md',
45 silly install resolved     _id: 'bb10@0.0.2',
45 silly install resolved     dist:
45 silly install resolved      { shasum: 'b7b89a3ca6d9b6e278d077992328c022267dafcb',
45 silly install resolved        tarball: 'http://registry.npmjs.org/bb10/-/bb10-0.0.2.tgz' },
45 silly install resolved     _from: 'bb10@*',
45 silly install resolved     _npmVersion: '1.2.18',
45 silly install resolved     _npmUser: { name: 'damonoehlman', email: 'damon.oehlman@gmail.com' },
45 silly install resolved     maintainers: [ [Object] ],
45 silly install resolved     directories: {},
45 silly install resolved     _shasum: 'b7b89a3ca6d9b6e278d077992328c022267dafcb',
45 silly install resolved     _resolved: 'https://registry.npmjs.org/bb10/-/bb10-0.0.2.tgz' } ]
46 info install bb10@0.0.2 into /usr/local/lib
47 info installOne bb10@0.0.2
48 verbose installOne of bb10 to /usr/local/lib not in flight; installing
49 warn locking Error: EACCES, open '/Users/Evan/.npm/_locks/bb10-15845cab731dbf80.lock'
49 warn locking     at Error (native)
49 warn locking  /Users/Evan/.npm/_locks/bb10-15845cab731dbf80.lock failed { [Error: EACCES, open '/Users/Evan/.npm/_locks/bb10-15845cab731dbf80.lock']
49 warn locking   errno: -13,
49 warn locking   code: 'EACCES',
49 warn locking   path: '/Users/Evan/.npm/_locks/bb10-15845cab731dbf80.lock' }
50 verbose stack Error: Attempt to unlock /usr/local/lib/node_modules/bb10, which hasn't been locked
50 verbose stack     at unlock (/usr/local/lib/node_modules/npm/lib/utils/locker.js:66:11)
50 verbose stack     at cb (/usr/local/lib/node_modules/npm/lib/install.js:929:5)
50 verbose stack     at /usr/local/lib/node_modules/npm/lib/install.js:933:20
50 verbose stack     at /usr/local/lib/node_modules/npm/lib/utils/locker.js:40:9
50 verbose stack     at cb (/usr/local/lib/node_modules/npm/node_modules/lockfile/lockfile.js:149:38)
50 verbose stack     at /usr/local/lib/node_modules/npm/node_modules/lockfile/lockfile.js:177:38
50 verbose stack     at FSReqWrap.oncomplete (fs.js:99:15)
51 verbose cwd /Users/Evan/Desktop/tomorrow/mobile
52 error Darwin 14.3.0
53 error argv "node" "/usr/local/bin/npm" "install" "-g" "bb10"
54 error node v0.12.0
55 error npm  v2.5.1
56 error Attempt to unlock /usr/local/lib/node_modules/bb10, which hasn't been locked
57 error If you need help, you may report this error at:
57 error     <http://github.com/npm/npm/issues>
58 verbose exit [ 1, true ]
